C51 COMPILER V9.60.7.0   MAIN                                                              05/05/2023 21:07:17 PAGE 1   


C51 COMPILER V9.60.7.0, COMPILATION OF MODULE MAIN
OBJECT MODULE PLACED IN .\Objects\main.obj
COMPILER INVOKED BY: C:\Keil_v5\C51\BIN\C51.EXE main.c OPTIMIZE(8,SPEED) BROWSE DEBUG OBJECTEXTEND PRINT(.\Listings\main
                    -.lst) TABS(2) OBJECT(.\Objects\main.obj)

line level    source

   1          #include <reg51.h>
   2          #include <stdio.h>
   3          #include <stdlib.h>
   4          
   5          sbit c3 =P1^7;
   6          sbit c2 =P1^6;
   7          sbit c1 =P1^5;
   8          sbit c0 =P1^4;
   9          
  10          sbit r3 =P1^3;
  11          sbit r2 =P1^2;
  12          sbit r1 =P1^1;
  13          sbit r0 =P1^0;
  14           
  15          sbit s3 =P0^3;
  16          sbit s2 =P0^2;
  17          sbit s1 =P0^1;
  18          sbit s0 =P0^0;
  19          
  20          sbit fout=P3^7;
  21          sbit sw=P3^2;
  22          void seg(unsigned int);
  23          unsigned char digit[] ={0,0,0,0};
  24          unsigned char chr;
  25          unsigned char display [] = {0xC0,0xF9,0xA4,0xB0,0x99,0x92,0x82,0xF8,0x80,0x90};
  26          void debounce(i)
  27          {
  28   1           int j = 255;
  29   1           for(;i>0;i--)
  30   1           for(;j>0;j--)
  31   1              ;    
  32   1      } 
  33          void debounce1()
  34          { 
  35   1          unsigned char i = 0;
  36   1          while(  sw == 0 );    
  37   1          for( i = 255; i > 0; i--)
  38   1            if ( sw == 0 )
  39   1                i = 255;  
  40   1      }
  41          unsigned char i = 0;
  42          
  43          #define KEYPAD_NO_NEW_DATA '-'
  44          static char Last_valid_Key_G = KEYPAD_NO_NEW_DATA;
  45          char pKey;
  46          
  47          char KeyPad_Scan()
  48          {
  49   1        static char Old_Key;
  50   1        char Key = KEYPAD_NO_NEW_DATA;
  51   1        
  52   1        r0=0;
  53   1        if(c3 ==0) {Key= 'A';}
  54   1        else if(c2==0) {Key= '3'; chr=3;}
C51 COMPILER V9.60.7.0   MAIN                                                              05/05/2023 21:07:17 PAGE 2   

  55   1        else if(c1==0) {Key= '2'; chr=2;}
  56   1        else if(c0==0) {Key= '1'; chr=1;}
  57   1        r0=1;
  58   1        
  59   1        r1=0;
  60   1        if(c3 ==0) {Key= 'B';}
  61   1        else if(c2==0) {Key= '6'; chr=6;}
  62   1        else if(c1==0) {Key= '5'; chr=5;}
  63   1        else if(c0==0) {Key= '4'; chr=4;}
  64   1        r1=1;
  65   1        
  66   1        r2=0;
  67   1        if(c3 ==0) {Key= 'C';}
  68   1        else if(c2==0) {Key= '9'; chr=9;}
  69   1        else if(c1==0) {Key= '8'; chr=8;}
  70   1        else if(c0==0) {Key= '7'; chr=7;}
  71   1        r2=1;
  72   1        
  73   1        r3=0;
  74   1        if(c3 ==0) {Key= 'D';}
  75   1        else if(c2==0) {Key= '#';}
  76   1        else if(c1==0) {Key= '0'; chr=0;}
  77   1        else if(c0==0) {Key= '*';}
  78   1        
  79   1        r3=1;
  80   1        debounce(40);
  81   1        
  82   1        if(Key == KEYPAD_NO_NEW_DATA)
  83   1        {
  84   2          Old_Key = KEYPAD_NO_NEW_DATA;
  85   2          Last_valid_Key_G = KEYPAD_NO_NEW_DATA;
  86   2          return 0;
  87   2        }
  88   1        
  89   1        if(Key == Old_Key)
  90   1        {
  91   2          if(Key !=Last_valid_Key_G)
  92   2          {
  93   3            pKey=Key;
  94   3            Last_valid_Key_G = Key;
  95   3            return 1;
  96   3          }
  97   2        }
  98   1        
  99   1        
 100   1        Old_Key = Key;
 101   1        return 0; 
 102   1      }
 103          
 104          bit result;
 105          
 106          void timer0_isr (void) interrupt 1
 107          {
 108   1        TH0=0xE0;
 109   1        TL0=0x00;
 110   1        result = KeyPad_Scan();
 111   1        if(result == 1)
 112   1            {
 113   2              seg(chr);   
 114   2            }
 115   1            
 116   1        if (i==0){
C51 COMPILER V9.60.7.0   MAIN                                                              05/05/2023 21:07:17 PAGE 3   

 117   2            s0=0;
 118   2            s1=1;
 119   2            s2=1;
 120   2            s3=1;
 121   2            P2=display[digit[0]];
 122   2        }
 123   1        else if (i==1){
 124   2          s0=1;
 125   2          s1=0;
 126   2          s2=1;
 127   2          s3=1;
 128   2          P2=display[digit[1]];
 129   2          }
 130   1        else if (i==2){
 131   2        s0=1;
 132   2        s1=1;
 133   2        s2=0;
 134   2        s3=1;
 135   2        P2=display[digit[2]];
 136   2        }
 137   1        else if (i==3)
 138   1        { 
 139   2        s0=1;
 140   2        s1=1;
 141   2        s2=1;
 142   2        s3=0; 
 143   2        P2=display[digit[3]];
 144   2        }
 145   1        i++;
 146   1        if (i>3) i=0;
 147   1        
 148   1      }
 149          unsigned int freq ;
 150          float time;
 151          unsigned int t;
 152          int low,high;
 153          unsigned char l,m;
 154          void freqGenerator(void){
 155   1        freq=digit[0]+digit[1]*10+digit[2]*100+digit[3]*1000;
 156   1        //freq=2000;
 157   1        time=1.0/(freq*2);
 158   1        if(time>0.0711065){
 159   2          time=time/20.0;
 160   2          l=20; 
 161   2        }
 162   1        else{
 163   2          l=1;
 164   2        }
 165   1        t=(time/(0.000001085))-9;
 166   1        t=65536-t;
 167   1        low=t&0xff;
 168   1        high=(t>>8)&0xff;
 169   1        m=l;
 170   1      }
 171          
 172          void EXT_INT0 (void) interrupt 0
 173          { 
 174   1        debounce1();
 175   1        EA=0;
 176   1        freqGenerator();
 177   1        TL1=low;
 178   1        TH1=high;
C51 COMPILER V9.60.7.0   MAIN                                                              05/05/2023 21:07:17 PAGE 4   

 179   1        ET1=1;
 180   1        TR1=1;
 181   1        EA=1; 
 182   1      }
 183          void timer1_isr (void) interrupt 3
 184          { 
 185   1        TL1=low;
 186   1        TH1=high;
 187   1        if(m==0)
 188   1        {
 189   2          m=l;
 190   2        }
 191   1        if(m==l){
 192   2          fout=~fout;
 193   2          m--;
 194   2          }
 195   1        else
 196   1        {
 197   2          fout=fout;
 198   2          m--;
 199   2        } 
 200   1      }
 201          
 202          void main()
 203          {
 204   1        P1= 0xF0;
 205   1        r0 = 1;
 206   1        r1 = 1;
 207   1        r2 = 1;
 208   1        r3 = 1;
 209   1        P2=0x00;
 210   1        P0=0x00;
 211   1        TMOD = (TMOD & 0xF0) | 0x11; //0001 0001
 212   1        
 213   1        TH1=high;
 214   1        TL1=low;
 215   1        fout=1;
 216   1        IT0=1;
 217   1        ET0=1;
 218   1        TH0=0xE0;
 219   1        TL0=0x00;
 220   1        EX0=1;
 221   1        TR0=1;
 222   1        EA=1;
 223   1        while(1)
 224   1        {  
 225   2          PT1=1;
 226   2        }   
 227   1      }
 228          
 229          
 230          
 231          void seg(unsigned char ch)
 232          {
*** WARNING C235 IN LINE 232 OF main.c: parameter 1: different types
 233   1        if (digit[3] == 0){
 234   2          digit[3]=digit[2];
 235   2          digit[2]=digit[1];
 236   2          digit[1]=digit[0];
 237   2          digit[0]=ch;   
 238   2        }
 239   1      else {
C51 COMPILER V9.60.7.0   MAIN                                                              05/05/2023 21:07:17 PAGE 5   

 240   2          digit[3]=0;
 241   2          digit[2]=0;
 242   2          digit[1]=0;
 243   2          digit[0]=ch;   
 244   2        
 245   2      }
 246   1      
 247   1      }


MODULE INFORMATION:   STATIC OVERLAYABLE
   CODE SIZE        =    818    ----
   CONSTANT SIZE    =   ----    ----
   XDATA SIZE       =   ----    ----
   PDATA SIZE       =   ----    ----
   DATA SIZE        =     33    ----
   IDATA SIZE       =   ----    ----
   BIT SIZE         =      1    ----
END OF MODULE INFORMATION.


C51 COMPILATION COMPLETE.  1 WARNING(S),  0 ERROR(S)
