C51 COMPILER V9.60.7.0   PROTOUS                                                           04/26/2023 01:03:08 PAGE 1   


C51 COMPILER V9.60.7.0, COMPILATION OF MODULE PROTOUS
OBJECT MODULE PLACED IN .\Objects\protous.obj
COMPILER INVOKED BY: C:\Keil_v5\C51\BIN\C51.EXE protous.c OPTIMIZE(8,SPEED) BROWSE DEBUG OBJECTEXTEND PRINT(.\Listings\p
                    -rotous.lst) TABS(2) OBJECT(.\Objects\protous.obj)

line level    source

   1          #include <reg51.h>
   2          #include <stdio.h>
   3          #include <stdlib.h>
   4          
   5          sbit c3 =P1^7;
   6          sbit c2 =P1^6;
   7          sbit c1 =P1^5;
   8          sbit c0 =P1^4;
   9          
  10          sbit r3 =P1^3;
  11          sbit r2 =P1^2;
  12          sbit r1 =P1^1;
  13          sbit r0 =P1^0;
  14           
  15          sbit s3 =P0^3;
  16          sbit s2 =P0^2;
  17          sbit s1 =P0^1;
  18          sbit s0 =P0^0;
  19          
  20          sbit fout=P3^7;
  21          sbit sw=P3^2;
  22          void seg(unsigned int);
  23          unsigned char digit[] ={0,0,0,0};
  24          unsigned char chr;
  25          unsigned display [] = {0xC0,0xF9,0xA4,0xB0,0x99,0x92,0x82,0xF8,0x80,0x90};
  26          void debounce(i)
  27          {
  28   1           int j = 255;
  29   1           for(;i>0;i--)
  30   1           for(;j>0;j--)
  31   1              ;    
  32   1      } 
  33          void debounce1()
  34          {
  35   1          unsigned char i = 0;
  36   1          while(  sw == 0 );    
  37   1          for( i = 255; i > 0; i--)
  38   1            if ( sw == 0 )
  39   1                i = 255;  
  40   1      }
  41          unsigned char i = 0;
  42          
  43          #define KEYPAD_NO_NEW_DATA '-'
  44          static char Last_valid_Key_G = KEYPAD_NO_NEW_DATA;
  45          char pKey;
  46          
  47          char KeyPad_Scan()
  48          {
  49   1        static char Old_Key;
  50   1        char Key = KEYPAD_NO_NEW_DATA;
  51   1        r0=0;
  52   1        if(c3 ==0) {Key= 'A';}
  53   1        else if(c2==0) {Key= '3'; chr=3;}
  54   1        else if(c1==0) {Key= '2'; chr=2;}
C51 COMPILER V9.60.7.0   PROTOUS                                                           04/26/2023 01:03:08 PAGE 2   

  55   1        else if(c0==0) {Key= '1'; chr=1;}
  56   1        r0=1;
  57   1        
  58   1        r1=0;
  59   1        if(c3 ==0) {Key= 'B';}
  60   1        else if(c2==0) {Key= '6'; chr=6;}
  61   1        else if(c1==0) {Key= '5'; chr=5;}
  62   1        else if(c0==0) {Key= '4'; chr=4;}
  63   1        r1=1;
  64   1        
  65   1        r2=0;
  66   1        if(c3 ==0) {Key= 'C';}
  67   1        else if(c2==0) {Key= '9'; chr=9;}
  68   1        else if(c1==0) {Key= '8'; chr=8;}
  69   1        else if(c0==0) {Key= '7'; chr=7;}
  70   1        r2=1;
  71   1        
  72   1        r3=0;
  73   1        if(c3 ==0) {Key= 'D';}
  74   1        else if(c2==0) {Key= '#';}
  75   1        else if(c1==0) {Key= '0'; chr=0;}
  76   1        else if(c0==0) {Key= '*';}
  77   1        
  78   1        r3=1;
  79   1        debounce(40);
  80   1        
  81   1        if(Key == KEYPAD_NO_NEW_DATA)
  82   1        {
  83   2          Old_Key = KEYPAD_NO_NEW_DATA;
  84   2          Last_valid_Key_G = KEYPAD_NO_NEW_DATA;
  85   2          return 0;
  86   2        }
  87   1        
  88   1        if(Key == Old_Key)
  89   1        {
  90   2          if(Key !=Last_valid_Key_G)
  91   2          {
  92   3            pKey=Key;
  93   3            Last_valid_Key_G = Key;
  94   3            return 1;
  95   3          }
  96   2        }
  97   1        
  98   1        
  99   1        Old_Key = Key;
 100   1        return 0; 
 101   1      }
 102          
 103          bit result;
 104          
 105          unsigned int freq,t ;
 106          float temp,period_us,cycles_per_timer1;
 107          int low,high;
 108          unsigned char l,m,h,k;
 109          void freqGenerator(void){
 110   1        freq=digit[0]+digit[1]*10+digit[2]*100+digit[3]*1000;
 111   1        temp=1.0/(freq*2);
 112   1        if(temp>0.0711065){
 113   2          temp=temp/20.0;
 114   2          l=20; 
 115   2        }
 116   1        else{
C51 COMPILER V9.60.7.0   PROTOUS                                                           04/26/2023 01:03:08 PAGE 3   

 117   2          l=1;
 118   2        }
 119   1        t=(temp/(0.000001085))-9;
 120   1        t=65536-t;
 121   1        low=t&0xff;
 122   1        high=(t>>8)&0xff;
 123   1        m=l;
 124   1      }
 125          
 126          void EXT_INT0 (void) interrupt 0
 127          { 
 128   1        debounce1();
 129   1        EA=0;
 130   1        freqGenerator();
 131   1        ET1=1;
 132   1        TR1=1;
 133   1        EA=1;
 134   1      }
 135          
 136          void timer1_isr (void) interrupt 3
 137          { 
 138   1        TL1=low;
 139   1        TH1=high;
 140   1        if(m==0)
 141   1        {
 142   2          m=l;
 143   2        }
 144   1        if(m==l){
 145   2          fout=~fout;
 146   2          m--;
 147   2          }
 148   1        else
 149   1        {
 150   2          fout=fout;
 151   2          m--;
 152   2        }
 153   1      }
 154          
 155          
 156          void main()
 157          { 
 158   1        P1= 0xF0;
 159   1        r0 = 1;
 160   1        r1 = 1;
 161   1        r2 = 1;
 162   1        r3 = 1;
 163   1        P2=0x00;
 164   1        P0=0x00;
 165   1        TMOD = (TMOD & 0xF0) | 0x11; //0001 0001  
 166   1        TH1=high;
 167   1        TL1=low;
 168   1        fout=1;
 169   1        ET1=1;
 170   1        TR1=1;  
 171   1        IT0=1;
 172   1        ET0=1;
 173   1        TH0=0xB8;
 174   1        TL0=0x00;
 175   1        EX0=1;
 176   1        TR0=1;
 177   1        EA=1;
 178   1        while(1)
C51 COMPILER V9.60.7.0   PROTOUS                                                           04/26/2023 01:03:08 PAGE 4   

 179   1        {  
 180   2          PT1=1;
 181   2        }   
 182   1      } 
 183          void seg(unsigned char ch)
 184          {
*** WARNING C235 IN LINE 184 OF protous.c: parameter 1: different types
 185   1        if (digit[3] == 0){
 186   2          digit[3]=digit[2];
 187   2          digit[2]=digit[1];
 188   2          digit[1]=digit[0];
 189   2          digit[0]=ch;   
 190   2        }
 191   1      else {
 192   2          digit[3]=0;
 193   2          digit[2]=0;
 194   2          digit[1]=0;
 195   2          digit[0]=ch;   
 196   2        
 197   2      }
 198   1      
 199   1      }
 200          
 201          void timer0_isr (void) interrupt 1
 202          {
 203   1        TH0 = 0xB8;    // 20 ms
 204   1        TL0 = 0x00;
 205   1        result = KeyPad_Scan();
 206   1        if(result == 1)
 207   1            {
 208   2              seg(chr);   
 209   2            }
 210   1      if (i==0){
 211   2        s0=1;
 212   2        s1=0;
 213   2        s2=0;
 214   2        s3=0;
 215   2        P2=display[digit[0]];
 216   2        }
 217   1        else if (i==1){
 218   2        s0=0;
 219   2        s1=1;
 220   2        s2=0;
 221   2        s3=0;
 222   2        P2=display[digit[1]];
 223   2        }
 224   1        else if (i==2){
 225   2        s0=0;
 226   2        s1=0;
 227   2        s2=1;
 228   2        s3=0;
 229   2        P2=display[digit[2]];
 230   2        }
 231   1        else if (i==3)
 232   1        {
 233   2        s0=0;
 234   2        s1=0;
 235   2        s2=0;
 236   2        s3=1; 
 237   2        P2=display[digit[3]];
 238   2        }
 239   1        i++;
C51 COMPILER V9.60.7.0   PROTOUS                                                           04/26/2023 01:03:08 PAGE 5   

 240   1        if (i>3) i=0;
 241   1        
 242   1        
 243   1      }


MODULE INFORMATION:   STATIC OVERLAYABLE
   CODE SIZE        =    791    ----
   CONSTANT SIZE    =   ----    ----
   XDATA SIZE       =   ----    ----
   PDATA SIZE       =   ----    ----
   DATA SIZE        =     53    ----
   IDATA SIZE       =   ----    ----
   BIT SIZE         =      1    ----
END OF MODULE INFORMATION.


C51 COMPILATION COMPLETE.  1 WARNING(S),  0 ERROR(S)
